Log start time: 2024-08-30 13:16:19
---------------------------------------------


Component Graph:
  Components:
    - service-a
    - service-b
    - service-c
    - service-d
    - service-e
  Links:
    - [service-c -> service-d]
    - [service-d -> service-e]
    - [service-b -> service-c]
    - [service-a -> service-b]

Component to Pod Map:
  service-d: [service-d-deployment-79b86d59bd-mzrtm, service-d-deployment-79b86d59bd-n5lfg, service-d-deployment-79b86d59bd-m5cdp, service-d-deployment-79b86d59bd-52mwz, service-d-deployment-79b86d59bd-sk5bn]
  service-e: [service-e-deployment-5b7f57b8c-8vxkx, service-e-deployment-5b7f57b8c-82qgv, service-e-deployment-5b7f57b8c-2mwtk, service-e-deployment-5b7f57b8c-fdvxf]
  service-a: [service-a-deployment-696cb64c9-l7gww, service-a-deployment-696cb64c9-dphwm, service-a-deployment-696cb64c9-x4k74]
  service-b: [service-b-deployment-5b99db849d-pbfp4, service-b-deployment-5b99db849d-rhn7b, service-b-deployment-5b99db849d-dplqk, service-b-deployment-5b99db849d-bbmn8]
  service-c: [service-c-deployment-57cd84fbfc-ljphp, service-c-deployment-57cd84fbfc-s7vgf]

Request Count Per Pod:
  Component: service-d
    Pod: service-d-deployment-79b86d59bd-mzrtm, Request Count: 493
    Pod: service-d-deployment-79b86d59bd-n5lfg, Request Count: 491
    Pod: service-d-deployment-79b86d59bd-m5cdp, Request Count: 500
    Pod: service-d-deployment-79b86d59bd-52mwz, Request Count: 488
    Pod: service-d-deployment-79b86d59bd-sk5bn, Request Count: 472
  Component: service-e
    Pod: service-e-deployment-5b7f57b8c-8vxkx, Request Count: 589
    Pod: service-e-deployment-5b7f57b8c-82qgv, Request Count: 628
    Pod: service-e-deployment-5b7f57b8c-2mwtk, Request Count: 619
    Pod: service-e-deployment-5b7f57b8c-fdvxf, Request Count: 608
  Component: service-c
    Pod: service-c-deployment-57cd84fbfc-ljphp, Request Count: 1198
    Pod: service-c-deployment-57cd84fbfc-s7vgf, Request Count: 1247
  Component: service-b
    Pod: service-b-deployment-5b99db849d-pbfp4, Request Count: 632
    Pod: service-b-deployment-5b99db849d-rhn7b, Request Count: 580
    Pod: service-b-deployment-5b99db849d-dplqk, Request Count: 638
    Pod: service-b-deployment-5b99db849d-bbmn8, Request Count: 596

Request Duration Per Pod:
  Component: service-d
    Pod: service-d-deployment-79b86d59bd-mzrtm, Request Duration: 10 ms
    Pod: service-d-deployment-79b86d59bd-n5lfg, Request Duration: 9 ms
    Pod: service-d-deployment-79b86d59bd-m5cdp, Request Duration: 5 ms
    Pod: service-d-deployment-79b86d59bd-52mwz, Request Duration: 12 ms
    Pod: service-d-deployment-79b86d59bd-sk5bn, Request Duration: 10 ms
  Component: service-e
    Pod: service-e-deployment-5b7f57b8c-8vxkx, Request Duration: 0 ms
    Pod: service-e-deployment-5b7f57b8c-82qgv, Request Duration: 2 ms
    Pod: service-e-deployment-5b7f57b8c-2mwtk, Request Duration: 1 ms
    Pod: service-e-deployment-5b7f57b8c-fdvxf, Request Duration: 2 ms
  Component: service-c
    Pod: service-c-deployment-57cd84fbfc-ljphp, Request Duration: 13 ms
    Pod: service-c-deployment-57cd84fbfc-s7vgf, Request Duration: 19 ms
  Component: service-b
    Pod: service-b-deployment-5b99db849d-pbfp4, Request Duration: 25 ms
    Pod: service-b-deployment-5b99db849d-rhn7b, Request Duration: 24 ms
    Pod: service-b-deployment-5b99db849d-dplqk, Request Duration: 25 ms
    Pod: service-b-deployment-5b99db849d-bbmn8, Request Duration: 27 ms

